This file contains any messages produced by compilers while
running configure, to aid debugging if configure makes a mistake.

It was created by DVC configure 0, which was
generated by GNU Autoconf 2.65.  Invocation command line was

  $ ../configure 

## --------- ##
## Platform. ##
## --------- ##

hostname = aivanov2
uname -m = x86_64
uname -r = 2.6.32-5-amd64
uname -s = Linux
uname -v = #1 SMP Wed Aug 25 13:59:41 UTC 2010

/usr/bin/uname -p = unknown
/bin/uname -X     = unknown

/bin/arch              = unknown
/usr/bin/arch -k       = unknown
/usr/convex/getsysinfo = unknown
/usr/bin/hostinfo      = unknown
/bin/machine           = unknown
/usr/bin/oslevel       = unknown
/bin/universe          = unknown

PATH: /usr/local/bin
PATH: /usr/bin
PATH: /bin
PATH: /usr/games


## ----------- ##
## Core tests. ##
## ----------- ##

configure:1689: checking whether make sets $(MAKE)
configure:1711: result: yes
configure:1757: checking for a BSD-compatible install
configure:1825: result: /usr/bin/install -c
configure:1836: checking for a thread-safe mkdir -p
configure:1875: result: /bin/mkdir -p
configure:1893: checking for emacs
configure:1909: found /usr/bin/emacs
configure:1920: result: emacs
configure:1937: checking emacs-type of emacs
configure:1944: result: emacs
configure:1954: checking where .elc files should go
configure:1974: result: $(prefix)/share/emacs/site-lisp/dvc
configure:1982: checking where the TeXinfo docs should go
configure:1993: result: ${datarootdir}/info
configure:2006: checking for tla
configure:2036: result: no
configure:2054: checking for baz
configure:2084: result: no
configure:2094: checking arch branch to use
configure:2109: result: none
configure:2122: checking for diff
configure:2138: found /usr/bin/diff
configure:2149: result: diff
configure:2174: checking for patch
configure:2190: found /usr/bin/patch
configure:2201: result: patch
configure:2227: checking whether tree-widget is in the load-path
configure:2238: result: yes
configure:2391: creating ./config.status

## ---------------------- ##
## Running config.status. ##
## ---------------------- ##

This file was extended by DVC config.status 0, which was
generated by GNU Autoconf 2.65.  Invocation command line was

  CONFIG_FILES    = 
  CONFIG_HEADERS  = 
  CONFIG_LINKS    = 
  CONFIG_COMMANDS = 
  $ ./config.status 

on aivanov2

config.status:736: creating Makefile
config.status:736: creating lisp/Makefile
config.status:736: creating texinfo/Makefile
config.status:736: creating dvc-load.el
config.status:736: creating lisp/dvc-site.el

## ---------------- ##
## Cache variables. ##
## ---------------- ##

ac_cv_env_build_alias_set=
ac_cv_env_build_alias_value=
ac_cv_env_host_alias_set=
ac_cv_env_host_alias_value=
ac_cv_env_target_alias_set=
ac_cv_env_target_alias_value=
ac_cv_path_install='/usr/bin/install -c'
ac_cv_path_mkdir=/bin/mkdir
ac_cv_prog_DIFF=diff
ac_cv_prog_EMACS_PROG=emacs
ac_cv_prog_PATCH=patch
ac_cv_prog_make_make_set=yes

## ----------------- ##
## Output variables. ##
## ----------------- ##

ARCH_BRANCH='none'
BAZ=''
DEFS='-DPACKAGE_NAME=\"DVC\" -DPACKAGE_TARNAME=\"dvc\" -DPACKAGE_VERSION=\"0\" -DPACKAGE_STRING=\"DVC\ 0\" -DPACKAGE_BUGREPORT=\"dvc-dev@gna.org\" -DPACKAGE_URL=\"\"'
DIFF='diff'
ECHO_C=''
ECHO_N='-n'
ECHO_T=''
EMACS_PROG='emacs'
FLAGS='--no-site-file'
INSTALL_DATA='${INSTALL} -m 644'
INSTALL_PROGRAM='${INSTALL}'
INSTALL_SCRIPT='${INSTALL}'
LIBOBJS=''
LIBS=''
LTLIBOBJS=''
MKDIR_P='/bin/mkdir -p'
OTHERDIRS=''
PACKAGE_BUGREPORT='dvc-dev@gna.org'
PACKAGE_NAME='DVC'
PACKAGE_STRING='DVC 0'
PACKAGE_TARNAME='dvc'
PACKAGE_URL=''
PACKAGE_VERSION='0'
PATCH='patch'
PATH_SEPARATOR=':'
SET_MAKE=''
SHELL='/bin/bash'
TLA=''
bindir='${exec_prefix}/bin'
build_alias=''
datadir='$(prefix)/share'
datarootdir='${prefix}/share'
docdir='${datarootdir}/doc/${PACKAGE_TARNAME}'
dvidir='${docdir}'
exec_prefix='${prefix}'
host_alias=''
htmldir='${docdir}'
includedir='${prefix}/include'
info_dir='${datarootdir}/info'
infodir='${datarootdir}/info'
libdir='${exec_prefix}/lib'
libexecdir='${exec_prefix}/libexec'
lispdir='$(prefix)/share/emacs/site-lisp/dvc'
localedir='${datarootdir}/locale'
localstatedir='${prefix}/var'
mandir='${datarootdir}/man'
oldincludedir='/usr/include'
pdfdir='${docdir}'
prefix='/usr/local'
program_transform_name='s,x,x,'
psdir='${docdir}'
sbindir='${exec_prefix}/sbin'
sharedstatedir='${prefix}/com'
sysconfdir='${prefix}/etc'
target_alias=''

## ----------- ##
## confdefs.h. ##
## ----------- ##

/* confdefs.h */
#define PACKAGE_NAME "DVC"
#define PACKAGE_TARNAME "dvc"
#define PACKAGE_VERSION "0"
#define PACKAGE_STRING "DVC 0"
#define PACKAGE_BUGREPORT "dvc-dev@gna.org"
#define PACKAGE_URL ""

configure: exit 0
